app/build/intermediates/manifest_merge_blame_file/debug/manifest-merger-blame-debug-report.txt
1<?xml version="1.0" encoding="utf-8"?>
2<manifest xmlns:android="http://schemas.android.com/apk/res/android"
3    package="com.example.proiectandroid"
4    android:versionCode="1"
5    android:versionName="1.0" >
6
7    <uses-sdk
8        android:minSdkVersion="21"
8-->src\main\AndroidManifest.xml
9        android:targetSdkVersion="31" />
9-->src\main\AndroidManifest.xml
10
11    <uses-permission android:name="android.permission.INTERNET" />
11-->src\main\AndroidManifest.xml:5:5-67
11-->src\main\AndroidManifest.xml:5:22-64
12
13    <application
13-->src\main\AndroidManifest.xml:7:5-31:19
14        android:allowBackup="true"
14-->src\main\AndroidManifest.xml:8:9-35
15        android:appComponentFactory="androidx.core.app.CoreComponentFactory"
15-->[androidx.core:core:1.7.0] AndroidManifest.xml:24:18-86
16        android:debuggable="true"
17        android:hardwareAccelerated="true"
17-->src\main\AndroidManifest.xml:13:9-43
18        android:icon="@mipmap/ic_launcher"
18-->src\main\AndroidManifest.xml:9:9-43
19        android:label="@string/app_name"
19-->src\main\AndroidManifest.xml:10:9-41
20        android:roundIcon="@mipmap/ic_launcher_round"
20-->src\main\AndroidManifest.xml:11:9-54
21        android:supportsRtl="true"
21-->src\main\AndroidManifest.xml:12:9-35
22        android:testOnly="true"
23        android:theme="@style/Theme.ProjectAndroid" >
23-->src\main\AndroidManifest.xml:14:9-52
24        <activity
24-->src\main\AndroidManifest.xml:16:5-18:40
25            android:name="com.example.projectandroid.LoginPage"
25-->src\main\AndroidManifest.xml:17:13-38
26            android:exported="false" />
26-->src\main\AndroidManifest.xml:18:13-37
27        <activity
27-->src\main\AndroidManifest.xml:19:9-21:40
28            android:name="com.example.projectandroid.NewsList"
28-->src\main\AndroidManifest.xml:20:13-37
29            android:exported="false" />
29-->src\main\AndroidManifest.xml:21:13-37
30        <activity
30-->src\main\AndroidManifest.xml:22:9-30:20
31            android:name="com.example.projectandroid.MainActivity"
31-->src\main\AndroidManifest.xml:23:13-41
32            android:exported="true" >
32-->src\main\AndroidManifest.xml:24:13-36
33            <intent-filter>
33-->src\main\AndroidManifest.xml:25:13-29:29
34                <action android:name="android.intent.action.MAIN" />
34-->src\main\AndroidManifest.xml:26:17-69
34-->src\main\AndroidManifest.xml:26:25-66
35
36                <category android:name="android.intent.category.LAUNCHER" />
36-->src\main\AndroidManifest.xml:28:17-77
36-->src\main\AndroidManifest.xml:28:27-74
37            </intent-filter>
38        </activity>
39        <activity
39-->[com.google.android.gms:play-services-auth:20.1.0] AndroidManifest.xml:23:9-27:75
40            android:name="com.google.android.gms.auth.api.signin.internal.SignInHubActivity"
40-->[com.google.android.gms:play-services-auth:20.1.0] AndroidManifest.xml:24:13-93
41            android:excludeFromRecents="true"
41-->[com.google.android.gms:play-services-auth:20.1.0] AndroidManifest.xml:25:13-46
42            android:exported="false"
42-->[com.google.android.gms:play-services-auth:20.1.0] AndroidManifest.xml:26:13-37
43            android:theme="@android:style/Theme.Translucent.NoTitleBar" />
43-->[com.google.android.gms:play-services-auth:20.1.0] AndroidManifest.xml:27:13-72
44        <!--
45            Service handling Google Sign-In user revocation. For apps that do not integrate with
46            Google Sign-In, this service will never be started.
47        -->
48        <service
48-->[com.google.android.gms:play-services-auth:20.1.0] AndroidManifest.xml:33:9-37:51
49            android:name="com.google.android.gms.auth.api.signin.RevocationBoundService"
49-->[com.google.android.gms:play-services-auth:20.1.0] AndroidManifest.xml:34:13-89
50            android:exported="true"
50-->[com.google.android.gms:play-services-auth:20.1.0] AndroidManifest.xml:35:13-36
51            android:permission="com.google.android.gms.auth.api.signin.permission.REVOCATION_NOTIFICATION"
51-->[com.google.android.gms:play-services-auth:20.1.0] AndroidManifest.xml:36:13-107
52            android:visibleToInstantApps="true" />
52-->[com.google.android.gms:play-services-auth:20.1.0] AndroidManifest.xml:37:13-48
53
54        <activity
54-->[com.google.android.gms:play-services-base:18.0.1] AndroidManifest.xml:20:9-22:45
55            android:name="com.google.android.gms.common.api.GoogleApiActivity"
55-->[com.google.android.gms:play-services-base:18.0.1] AndroidManifest.xml:20:19-85
56            android:exported="false"
56-->[com.google.android.gms:play-services-base:18.0.1] AndroidManifest.xml:22:19-43
57            android:theme="@android:style/Theme.Translucent.NoTitleBar" />
57-->[com.google.android.gms:play-services-base:18.0.1] AndroidManifest.xml:21:19-78
58
59        <meta-data
59-->[com.google.android.gms:play-services-basement:18.0.0] AndroidManifest.xml:21:9-23:69
60            android:name="com.google.android.gms.version"
60-->[com.google.android.gms:play-services-basement:18.0.0] AndroidManifest.xml:22:13-58
61            android:value="@integer/google_play_services_version" />
61-->[com.google.android.gms:play-services-basement:18.0.0] AndroidManifest.xml:23:13-66
62
63        <provider
63-->[androidx.emoji2:emoji2:1.0.0] AndroidManifest.xml:26:9-34:20
64            android:name="androidx.startup.InitializationProvider"
64-->[androidx.emoji2:emoji2:1.0.0] AndroidManifest.xml:27:13-67
65            android:authorities="com.example.proiectandroid.androidx-startup"
65-->[androidx.emoji2:emoji2:1.0.0] AndroidManifest.xml:28:13-68
66            android:exported="false" >
66-->[androidx.emoji2:emoji2:1.0.0] AndroidManifest.xml:29:13-37
67            <meta-data
67-->[androidx.emoji2:emoji2:1.0.0] AndroidManifest.xml:31:13-33:52
68                android:name="androidx.emoji2.text.EmojiCompatInitializer"
68-->[androidx.emoji2:emoji2:1.0.0] AndroidManifest.xml:32:17-75
69                android:value="androidx.startup" />
69-->[androidx.emoji2:emoji2:1.0.0] AndroidManifest.xml:33:17-49
70            <meta-data
70-->[androidx.lifecycle:lifecycle-process:2.4.0] AndroidManifest.xml:31:13-33:52
71                android:name="androidx.lifecycle.ProcessLifecycleInitializer"
71-->[androidx.lifecycle:lifecycle-process:2.4.0] AndroidManifest.xml:32:17-78
72                android:value="androidx.startup" />
72-->[androidx.lifecycle:lifecycle-process:2.4.0] AndroidManifest.xml:33:17-49
73        </provider>
74    </application>
75
76</manifest>